<?xml version="1.0" encoding="UTF-8"?>
<!-- Generated by org.testng.reporters.JUnitXMLReporter -->
<testsuite ignored="0" hostname="Hari" failures="0" tests="6" name="Default test" time="0.118" errors="0" timestamp="2025-03-10T21:46:17 IST">
  <testcase classname="Devendra.Shopping.ShoppingBasketTest" name="BasicExampleWithMultipleItems" time="0.021"/>
  <testcase classname="Devendra.Shopping.ShoppingBasketTest" name="BasketWithOnlyApples" time="0.001"/>
  <testcase classname="Devendra.Shopping.ShoppingBasketTest" name="BasketWithOnlyBananas" time="0.004"/>
  <testcase classname="Devendra.Shopping.ShoppingBasketTest" name="BasketWithOnlyLimes" time="0.003"/>
  <testcase classname="Devendra.Shopping.ShoppingBasketTest" name="BasketWithOnlyMelons" time="0.006"/>
  <testcase classname="Devendra.Shopping.ShoppingBasketTest" name="EmptyBasket" time="0.002"/>
</testsuite> <!-- Default test -->
