<?xml version="1.0" encoding="UTF-8"?>
<!-- Generated by org.testng.reporters.JUnitXMLReporter -->
<testsuite ignored="0" hostname="Hari" failures="0" tests="10" name="Default test" time="0.242" errors="0" timestamp="2025-03-27T14:30:59 IST">
  <testcase classname="Devendra.Shopping.ShoppingBasketTest" name="A_Basic_example_with_multiple_items" time="0.025"/>
  <testcase classname="Devendra.Shopping.ShoppingBasketTest" name="A_basket_with_odd_and_even_counts_for_melons" time="0.003"/>
  <testcase classname="Devendra.Shopping.ShoppingBasketTest" name="An_empty_basket" time="0.004"/>
  <testcase classname="Devendra.Shopping.ShoppingBasketTest" name="Basket_with_just_one_lime" time="0.006"/>
  <testcase classname="Devendra.Shopping.ShoppingBasketTest" name="Basket_with_limes" time="0.003"/>
  <testcase classname="Devendra.Shopping.ShoppingBasketTest" name="Basket_with_melons" time="0.005"/>
  <testcase classname="Devendra.Shopping.ShoppingBasketTest" name="Basket_with_only_limes" time="0.005"/>
  <testcase classname="Devendra.Shopping.ShoppingBasketTest" name="Basket_with_only_one_melon" time="0.005"/>
  <testcase classname="Devendra.Shopping.ShoppingBasketTest" name="Only_apples_in_the_basket" time="0.006"/>
  <testcase classname="Devendra.Shopping.ShoppingBasketTest" name="Only_bananas_in_the_basket" time="0.008"/>
</testsuite> <!-- Default test -->
