<?xml version="1.0" encoding="UTF-8"?>
<testng-results ignored="0" total="6" passed="6" failed="0" skipped="0">
  <reporter-output>
  </reporter-output>
  <suite started-at="2025-03-10T21:46:17 IST" name="Default suite" finished-at="2025-03-10T21:46:17 IST" duration-ms="118">
    <groups>
    </groups>
    <test started-at="2025-03-10T21:46:17 IST" name="Default test" finished-at="2025-03-10T21:46:17 IST" duration-ms="118">
      <class name="Devendra.Shopping.ShoppingBasketTest">
        <test-method signature="BasicExampleWithMultipleItems()[pri:0, instance:Devendra.Shopping.ShoppingBasketTest@46cdf8bd]" started-at="2025-03-10T21:46:17 IST" name="BasicExampleWithMultipleItems" finished-at="2025-03-10T21:46:17 IST" duration-ms="21" status="PASS">
          <reporter-output>
          </reporter-output>
        </test-method> <!-- BasicExampleWithMultipleItems -->
        <test-method signature="BasketWithOnlyApples()[pri:0, instance:Devendra.Shopping.ShoppingBasketTest@46cdf8bd]" started-at="2025-03-10T21:46:17 IST" name="BasketWithOnlyApples" finished-at="2025-03-10T21:46:17 IST" duration-ms="1" status="PASS">
          <reporter-output>
          </reporter-output>
        </test-method> <!-- BasketWithOnlyApples -->
        <test-method signature="BasketWithOnlyBananas()[pri:0, instance:Devendra.Shopping.ShoppingBasketTest@46cdf8bd]" started-at="2025-03-10T21:46:17 IST" name="BasketWithOnlyBananas" finished-at="2025-03-10T21:46:17 IST" duration-ms="4" status="PASS">
          <reporter-output>
          </reporter-output>
        </test-method> <!-- BasketWithOnlyBananas -->
        <test-method signature="BasketWithOnlyLimes()[pri:0, instance:Devendra.Shopping.ShoppingBasketTest@46cdf8bd]" started-at="2025-03-10T21:46:17 IST" name="BasketWithOnlyLimes" finished-at="2025-03-10T21:46:17 IST" duration-ms="3" status="PASS">
          <reporter-output>
          </reporter-output>
        </test-method> <!-- BasketWithOnlyLimes -->
        <test-method signature="BasketWithOnlyMelons()[pri:0, instance:Devendra.Shopping.ShoppingBasketTest@46cdf8bd]" started-at="2025-03-10T21:46:17 IST" name="BasketWithOnlyMelons" finished-at="2025-03-10T21:46:17 IST" duration-ms="6" status="PASS">
          <reporter-output>
          </reporter-output>
        </test-method> <!-- BasketWithOnlyMelons -->
        <test-method signature="EmptyBasket()[pri:0, instance:Devendra.Shopping.ShoppingBasketTest@46cdf8bd]" started-at="2025-03-10T21:46:17 IST" name="EmptyBasket" finished-at="2025-03-10T21:46:17 IST" duration-ms="2" status="PASS">
          <reporter-output>
          </reporter-output>
        </test-method> <!-- EmptyBasket -->
      </class> <!-- Devendra.Shopping.ShoppingBasketTest -->
    </test> <!-- Default test -->
  </suite> <!-- Default suite -->
</testng-results>
