<?xml version="1.0" encoding="UTF-8"?>
<testng-results ignored="0" total="10" passed="10" failed="0" skipped="0">
  <reporter-output>
  </reporter-output>
  <suite started-at="2025-03-27T14:30:59 IST" name="Default suite" finished-at="2025-03-27T14:30:59 IST" duration-ms="242">
    <groups>
    </groups>
    <test started-at="2025-03-27T14:30:59 IST" name="Default test" finished-at="2025-03-27T14:30:59 IST" duration-ms="242">
      <class name="Devendra.Shopping.ShoppingBasketTest">
        <test-method signature="A_Basic_example_with_multiple_items()[pri:0, instance:Devendra.Shopping.ShoppingBasketTest@f78a47e]" started-at="2025-03-27T14:30:59 IST" name="A_Basic_example_with_multiple_items" finished-at="2025-03-27T14:30:59 IST" duration-ms="25" status="PASS">
          <reporter-output>
          </reporter-output>
        </test-method> <!-- A_Basic_example_with_multiple_items -->
        <test-method signature="A_basket_with_odd_and_even_counts_for_melons()[pri:0, instance:Devendra.Shopping.ShoppingBasketTest@f78a47e]" started-at="2025-03-27T14:30:59 IST" name="A_basket_with_odd_and_even_counts_for_melons" finished-at="2025-03-27T14:30:59 IST" duration-ms="3" status="PASS">
          <reporter-output>
          </reporter-output>
        </test-method> <!-- A_basket_with_odd_and_even_counts_for_melons -->
        <test-method signature="An_empty_basket()[pri:0, instance:Devendra.Shopping.ShoppingBasketTest@f78a47e]" started-at="2025-03-27T14:30:59 IST" name="An_empty_basket" finished-at="2025-03-27T14:30:59 IST" duration-ms="4" status="PASS">
          <reporter-output>
          </reporter-output>
        </test-method> <!-- An_empty_basket -->
        <test-method signature="Basket_with_just_one_lime()[pri:0, instance:Devendra.Shopping.ShoppingBasketTest@f78a47e]" started-at="2025-03-27T14:30:59 IST" name="Basket_with_just_one_lime" finished-at="2025-03-27T14:30:59 IST" duration-ms="6" status="PASS">
          <reporter-output>
          </reporter-output>
        </test-method> <!-- Basket_with_just_one_lime -->
        <test-method signature="Basket_with_limes()[pri:0, instance:Devendra.Shopping.ShoppingBasketTest@f78a47e]" started-at="2025-03-27T14:30:59 IST" name="Basket_with_limes" finished-at="2025-03-27T14:30:59 IST" duration-ms="3" status="PASS">
          <reporter-output>
          </reporter-output>
        </test-method> <!-- Basket_with_limes -->
        <test-method signature="Basket_with_melons()[pri:0, instance:Devendra.Shopping.ShoppingBasketTest@f78a47e]" started-at="2025-03-27T14:30:59 IST" name="Basket_with_melons" finished-at="2025-03-27T14:30:59 IST" duration-ms="5" status="PASS">
          <reporter-output>
          </reporter-output>
        </test-method> <!-- Basket_with_melons -->
        <test-method signature="Basket_with_only_limes()[pri:0, instance:Devendra.Shopping.ShoppingBasketTest@f78a47e]" started-at="2025-03-27T14:30:59 IST" name="Basket_with_only_limes" finished-at="2025-03-27T14:30:59 IST" duration-ms="5" status="PASS">
          <reporter-output>
          </reporter-output>
        </test-method> <!-- Basket_with_only_limes -->
        <test-method signature="Basket_with_only_one_melon()[pri:0, instance:Devendra.Shopping.ShoppingBasketTest@f78a47e]" started-at="2025-03-27T14:30:59 IST" name="Basket_with_only_one_melon" finished-at="2025-03-27T14:30:59 IST" duration-ms="5" status="PASS">
          <reporter-output>
          </reporter-output>
        </test-method> <!-- Basket_with_only_one_melon -->
        <test-method signature="Only_apples_in_the_basket()[pri:0, instance:Devendra.Shopping.ShoppingBasketTest@f78a47e]" started-at="2025-03-27T14:30:59 IST" name="Only_apples_in_the_basket" finished-at="2025-03-27T14:30:59 IST" duration-ms="6" status="PASS">
          <reporter-output>
          </reporter-output>
        </test-method> <!-- Only_apples_in_the_basket -->
        <test-method signature="Only_bananas_in_the_basket()[pri:0, instance:Devendra.Shopping.ShoppingBasketTest@f78a47e]" started-at="2025-03-27T14:30:59 IST" name="Only_bananas_in_the_basket" finished-at="2025-03-27T14:30:59 IST" duration-ms="8" status="PASS">
          <reporter-output>
          </reporter-output>
        </test-method> <!-- Only_bananas_in_the_basket -->
      </class> <!-- Devendra.Shopping.ShoppingBasketTest -->
    </test> <!-- Default test -->
  </suite> <!-- Default suite -->
</testng-results>
